Using pre-set license
Built from '2020.3/staging' branch; Version is '2020.3.13f1 (71691879b7f5) revision 7432472'; Using compiler version '192528614'; Build Type 'Release'
OS: 'Windows 10 Pro; OS build 19043.1237; Version 2009; 64bit' Language: 'en' Physical Memory: 12136 MB
BatchMode: 1, IsHumanControllingUs: 0, StartBugReporterOnCrash: 0, Is64bit: 1, IsPro: 0

 COMMAND LINE ARGUMENTS:
E:\A stufff\Unity Engine\unity editors\2020.3.13f1\Editor\Unity.exe
-adb2
-batchMode
-noUpm
-name
AssetImportWorker0
-projectPath
D:/projects/StackGameUnity
-logFile
Logs/AssetImportWorker0.log
-srvPort
63610
Successfully changed project path to: D:/projects/StackGameUnity
D:/projects/StackGameUnity
Using Asset Import Pipeline V2.
Refreshing native plugins compatible for Editor in 35.94 ms, found 2 plugins.
Preloading 0 native plugins for Editor in 0.00 ms.
Initialize engine version: 2020.3.13f1 (71691879b7f5)
[Subsystems] Discovering subsystems at path E:/A stufff/Unity Engine/unity editors/2020.3.13f1/Editor/Data/Resources/UnitySubsystems
[Subsystems] Discovering subsystems at path D:/projects/StackGameUnity/Assets
GfxDevice: creating device client; threaded=0
Direct3D:
    Version:  Direct3D 11.0 [level 11.1]
    Renderer: NVIDIA GeForce GTX 1050 Ti (ID=0x1c8c)
    Vendor:   
    VRAM:     4018 MB
    Driver:   27.21.14.6280
Initialize mono
Mono path[0] = 'E:/A stufff/Unity Engine/unity editors/2020.3.13f1/Editor/Data/Managed'
Mono path[1] = 'E:/A stufff/Unity Engine/unity editors/2020.3.13f1/Editor/Data/MonoBleedingEdge/lib/mono/unityjit'
Mono config path = 'E:/A stufff/Unity Engine/unity editors/2020.3.13f1/Editor/Data/MonoBleedingEdge/etc'
Using monoOptions --debugger-agent=transport=dt_socket,embedding=1,server=y,suspend=n,address=127.0.0.1:56688
Begin MonoManager ReloadAssembly
Registering precompiled unity dll's ...
Register platform support module: E:/A stufff/Unity Engine/unity editors/2020.3.13f1/Editor/Data/PlaybackEngines/WebGLSupport/UnityEditor.WebGL.Extensions.dll
Register platform support module: E:/A stufff/Unity Engine/unity editors/2020.3.13f1/Editor/Data/PlaybackEngines/WindowsStandaloneSupport/UnityEditor.WindowsStandalone.Extensions.dll
Registered in 0.002437 seconds.
Native extension for WindowsStandalone target not found
Native extension for WebGL target not found
Refreshing native plugins compatible for Editor in 33.52 ms, found 2 plugins.
Preloading 0 native plugins for Editor in 0.00 ms.
Mono: successfully reloaded assembly
- Completed reload, in  2.196 seconds
Platform modules already initialized, skipping
Registering precompiled user dll's ...
Registered in 0.002926 seconds.
Begin MonoManager ReloadAssembly
Native extension for WindowsStandalone target not found
Native extension for WebGL target not found
Refreshing native plugins compatible for Editor in 0.34 ms, found 2 plugins.
Preloading 0 native plugins for Editor in 0.00 ms.
Mono: successfully reloaded assembly
- Completed reload, in  1.126 seconds
Platform modules already initialized, skipping
========================================================================
Worker process is ready to serve import requests
Launched and connected shader compiler UnityShaderCompiler.exe after 0.09 seconds
Refreshing native plugins compatible for Editor in 0.35 ms, found 2 plugins.
Preloading 0 native plugins for Editor in 0.00 ms.
Unloading 1394 Unused Serialized files (Serialized files now loaded: 0)
System memory in use before: 65.0 MB.
System memory in use after: 65.1 MB.

Unloading 18 unused Assets to reduce memory usage. Loaded Objects now: 1829.
Total: 2.802300 ms (FindLiveObjects: 0.180600 ms CreateObjectMapping: 0.056500 ms MarkObjects: 2.403300 ms  DeleteObjects: 0.160200 ms)

AssetImportParameters requested are different than current active one (requested -> active):
  custom:framework-win-MediaFoundation: 216162199b28c13a410421893ffa2e32 -> 
  custom:video-decoder-ogg-theora: a1e56fd34408186e4bbccfd4996cb3dc -> 
  custom:container-muxer-webm: aa71ff27fc2769a1b78a27578f13a17b -> 
  custom:container-demuxer-webm: 4f35f7cbe854078d1ac9338744f61a02 -> 
  custom:container-demuxer-ogg: 62fdf1f143b41e24485cea50d1cbac27 -> 
  custom:video-encoder-webm-vp8: eb34c28f22e8b96e1ab97ce403110664 -> 
  custom:video-decoder-webm-vp8: 9c59270c3fd7afecdb556c50c9e8de78 -> 
  custom:audio-decoder-ogg-vorbis: bf7c407c2cedff20999df2af8eb42d56 -> 
  custom:audio-encoder-webm-vorbis: bf7c407c2cedff20999df2af8eb42d56 -> 
========================================================================
Received Import Request.
  path: Assets/Script/Text.preset
  artifactKey: Guid(931957e52321c1048b9de1a2d076baa0) Importer(815301076,1909f56bfc062723c751e8b465ee728b)
Start importing Assets/Script/Text.preset using Guid(931957e52321c1048b9de1a2d076baa0) Importer(815301076,1909f56bfc062723c751e8b465ee728b)  -> (artifact id: 'd3b05d73b7a0b2549cf35289c2f248f3') in 0.069475 seconds 
  Import took 0.073431 seconds .

========================================================================
Received Import Request.
  Time since last request: 308.080192 seconds.
  path: Assets/Material/StackMaterial.mat
  artifactKey: Guid(495369501faaa0e4ca82010ce38cd868) Importer(815301076,1909f56bfc062723c751e8b465ee728b)
Start importing Assets/Material/StackMaterial.mat using Guid(495369501faaa0e4ca82010ce38cd868) Importer(815301076,1909f56bfc062723c751e8b465ee728b)  -> (artifact id: '7704c672ee2930ee20c7eb73f6f3f53b') in 0.211019 seconds 
  Import took 0.216023 seconds .

========================================================================
Received Import Request.
  Time since last request: 0.006214 seconds.
  path: Assets/Material/StackMaterial.mat
  artifactKey: Guid(495369501faaa0e4ca82010ce38cd868) Importer(815301076,1909f56bfc062723c751e8b465ee728b)
Start importing Assets/Material/StackMaterial.mat using Guid(495369501faaa0e4ca82010ce38cd868) Importer(815301076,1909f56bfc062723c751e8b465ee728b)  -> (artifact id: '7704c672ee2930ee20c7eb73f6f3f53b') in 0.019058 seconds 
  Import took 0.022975 seconds .

========================================================================
Received Prepare
Registering precompiled user dll's ...
Registered in 0.004460 seconds.
Begin MonoManager ReloadAssembly
Native extension for WindowsStandalone target not found
Native extension for WebGL target not found
Refreshing native plugins compatible for Editor in 0.30 ms, found 2 plugins.
Preloading 0 native plugins for Editor in 0.00 ms.
Mono: successfully reloaded assembly
- Completed reload, in  1.063 seconds
Platform modules already initialized, skipping
Refreshing native plugins compatible for Editor in 0.34 ms, found 2 plugins.
Preloading 0 native plugins for Editor in 0.00 ms.
Unloading 1387 Unused Serialized files (Serialized files now loaded: 0)
System memory in use before: 68.0 MB.
System memory in use after: 68.1 MB.

Unloading 13 unused Assets to reduce memory usage. Loaded Objects now: 1874.
Total: 2.579500 ms (FindLiveObjects: 0.161800 ms CreateObjectMapping: 0.046600 ms MarkObjects: 2.346600 ms  DeleteObjects: 0.023100 ms)

AssetImportParameters requested are different than current active one (requested -> active):
  custom:framework-win-MediaFoundation: 216162199b28c13a410421893ffa2e32 -> 
  custom:video-decoder-ogg-theora: a1e56fd34408186e4bbccfd4996cb3dc -> 
  custom:container-muxer-webm: aa71ff27fc2769a1b78a27578f13a17b -> 
  custom:container-demuxer-webm: 4f35f7cbe854078d1ac9338744f61a02 -> 
  custom:container-demuxer-ogg: 62fdf1f143b41e24485cea50d1cbac27 -> 
  custom:video-encoder-webm-vp8: eb34c28f22e8b96e1ab97ce403110664 -> 
  custom:video-decoder-webm-vp8: 9c59270c3fd7afecdb556c50c9e8de78 -> 
  custom:audio-decoder-ogg-vorbis: bf7c407c2cedff20999df2af8eb42d56 -> 
  custom:audio-encoder-webm-vorbis: bf7c407c2cedff20999df2af8eb42d56 -> 
AssetImportWorkerClient::OnTransportError - code=2 error=End of file
